[1009/184301.617:WARNING:dns_config_service_win.cc(700)] Failed to read DnsConfig.
[1009/184301.722:WARNING:dns_config_service_win.cc(700)] Failed to read DnsConfig.
[1009/184301.767:WARNING:dns_config_service_win.cc(700)] Failed to read DnsConfig.
[1009/184302.137:WARNING:dns_config_service_win.cc(700)] Failed to read DnsConfig.
[1009/184302.215:WARNING:dns_config_service_win.cc(700)] Failed to read DnsConfig.
[1009/184303.074:WARNING:dns_config_service_win.cc(700)] Failed to read DnsConfig.
[1009/184303.193:WARNING:dns_config_service_win.cc(700)] Failed to read DnsConfig.
[1009/184303.215:WARNING:dns_config_service_win.cc(700)] Failed to read DnsConfig.
[1009/184303.302:WARNING:dns_config_service_win.cc(700)] Failed to read DnsConfig.
[1009/184303.373:WARNING:dns_config_service_win.cc(700)] Failed to read DnsConfig.
[1009/184303.560:WARNING:dns_config_service_win.cc(700)] Failed to read DnsConfig.
[1009/184306.623:WARNING:dns_config_service_win.cc(700)] Failed to read DnsConfig.
[1009/184306.728:WARNING:dns_config_service_win.cc(700)] Failed to read DnsConfig.
[1009/184306.778:WARNING:dns_config_service_win.cc(700)] Failed to read DnsConfig.
[1009/184307.143:WARNING:dns_config_service_win.cc(700)] Failed to read DnsConfig.
[1009/184307.221:WARNING:dns_config_service_win.cc(700)] Failed to read DnsConfig.
[1009/184308.082:WARNING:dns_config_service_win.cc(700)] Failed to read DnsConfig.
[1009/184308.202:WARNING:dns_config_service_win.cc(700)] Failed to read DnsConfig.
[1009/184308.233:WARNING:dns_config_service_win.cc(700)] Failed to read DnsConfig.
[1009/184308.315:WARNING:dns_config_service_win.cc(700)] Failed to read DnsConfig.
[1009/184308.380:WARNING:dns_config_service_win.cc(700)] Failed to read DnsConfig.
[1009/184308.584:WARNING:dns_config_service_win.cc(700)] Failed to read DnsConfig.
[1009/184311.635:WARNING:dns_config_service_win.cc(700)] Failed to read DnsConfig.
[1009/184311.737:WARNING:dns_config_service_win.cc(700)] Failed to read DnsConfig.
[1009/184311.797:WARNING:dns_config_service_win.cc(700)] Failed to read DnsConfig.
[1009/184312.150:WARNING:dns_config_service_win.cc(700)] Failed to read DnsConfig.
[1009/184312.240:WARNING:dns_config_service_win.cc(700)] Failed to read DnsConfig.
[1009/184313.091:WARNING:dns_config_service_win.cc(700)] Failed to read DnsConfig.
[1009/184313.214:WARNING:dns_config_service_win.cc(700)] Failed to read DnsConfig.
[1009/184313.273:WARNING:dns_config_service_win.cc(700)] Failed to read DnsConfig.
[1009/184313.325:WARNING:dns_config_service_win.cc(700)] Failed to read DnsConfig.
[1009/184313.409:WARNING:dns_config_service_win.cc(700)] Failed to read DnsConfig.
[1009/184313.593:WARNING:dns_config_service_win.cc(700)] Failed to read DnsConfig.
[1009/184316.640:WARNING:dns_config_service_win.cc(700)] Failed to read DnsConfig.
[1009/184316.741:WARNING:dns_config_service_win.cc(700)] Failed to read DnsConfig.
[1009/184316.817:WARNING:dns_config_service_win.cc(700)] Failed to read DnsConfig.
[1009/184317.156:WARNING:dns_config_service_win.cc(700)] Failed to read DnsConfig.
[1009/184317.252:WARNING:dns_config_service_win.cc(700)] Failed to read DnsConfig.
[1009/184318.097:WARNING:dns_config_service_win.cc(700)] Failed to read DnsConfig.
[1009/184318.221:WARNING:dns_config_service_win.cc(700)] Failed to read DnsConfig.
[1009/184318.281:WARNING:dns_config_service_win.cc(700)] Failed to read DnsConfig.
[1009/184318.332:WARNING:dns_config_service_win.cc(700)] Failed to read DnsConfig.
[1009/184318.413:WARNING:dns_config_service_win.cc(700)] Failed to read DnsConfig.
[1009/184318.613:WARNING:dns_config_service_win.cc(700)] Failed to read DnsConfig.
[1009/184321.644:WARNING:dns_config_service_win.cc(700)] Failed to read DnsConfig.
[1009/184321.747:WARNING:dns_config_service_win.cc(700)] Failed to read DnsConfig.
[1009/184321.831:WARNING:dns_config_service_win.cc(700)] Failed to read DnsConfig.
[1009/184322.161:WARNING:dns_config_service_win.cc(700)] Failed to read DnsConfig.
[1009/184322.257:WARNING:dns_config_service_win.cc(700)] Failed to read DnsConfig.
[1009/184323.101:WARNING:dns_config_service_win.cc(700)] Failed to read DnsConfig.
[1009/184323.226:WARNING:dns_config_service_win.cc(700)] Failed to read DnsConfig.
[1009/184323.299:WARNING:dns_config_service_win.cc(700)] Failed to read DnsConfig.
[1009/184323.337:WARNING:dns_config_service_win.cc(700)] Failed to read DnsConfig.
[1009/184323.419:WARNING:dns_config_service_win.cc(700)] Failed to read DnsConfig.
[1009/184323.634:WARNING:dns_config_service_win.cc(700)] Failed to read DnsConfig.
[1009/184326.650:WARNING:dns_config_service_win.cc(700)] Failed to read DnsConfig.
[1009/184326.753:WARNING:dns_config_service_win.cc(700)] Failed to read DnsConfig.
[1009/184326.846:WARNING:dns_config_service_win.cc(700)] Failed to read DnsConfig.
[1009/184327.165:WARNING:dns_config_service_win.cc(700)] Failed to read DnsConfig.
[1009/184327.270:WARNING:dns_config_service_win.cc(700)] Failed to read DnsConfig.
[1009/184328.105:WARNING:dns_config_service_win.cc(700)] Failed to read DnsConfig.
[1009/184328.231:WARNING:dns_config_service_win.cc(700)] Failed to read DnsConfig.
[1009/184328.308:WARNING:dns_config_service_win.cc(700)] Failed to read DnsConfig.
[1009/184328.342:WARNING:dns_config_service_win.cc(700)] Failed to read DnsConfig.
[1009/184328.426:WARNING:dns_config_service_win.cc(700)] Failed to read DnsConfig.
[1009/184328.654:WARNING:dns_config_service_win.cc(700)] Failed to read DnsConfig.
[1009/184331.655:WARNING:dns_config_service_win.cc(700)] Failed to read DnsConfig.
[1009/184331.760:WARNING:dns_config_service_win.cc(700)] Failed to read DnsConfig.
[1009/184331.863:WARNING:dns_config_service_win.cc(700)] Failed to read DnsConfig.
[1009/184332.169:WARNING:dns_config_service_win.cc(700)] Failed to read DnsConfig.
[1009/184332.291:WARNING:dns_config_service_win.cc(700)] Failed to read DnsConfig.
[1009/184333.110:WARNING:dns_config_service_win.cc(700)] Failed to read DnsConfig.
[1009/184333.235:WARNING:dns_config_service_win.cc(700)] Failed to read DnsConfig.
[1009/184333.329:WARNING:dns_config_service_win.cc(700)] Failed to read DnsConfig.
[1009/184333.348:WARNING:dns_config_service_win.cc(700)] Failed to read DnsConfig.
[1009/184333.432:WARNING:dns_config_service_win.cc(700)] Failed to read DnsConfig.
[1009/184333.658:WARNING:dns_config_service_win.cc(700)] Failed to read DnsConfig.
[1009/210607.994:WARNING:spdy_session.cc(3365)] Received HEADERS for invalid stream 291
[1009/210607.995:WARNING:spdy_session.cc(3365)] Received HEADERS for invalid stream 293
[1009/210607.995:WARNING:spdy_session.cc(3365)] Received HEADERS for invalid stream 295
[1009/210607.995:WARNING:spdy_session.cc(3365)] Received HEADERS for invalid stream 297
[1009/210607.995:WARNING:spdy_session.cc(3365)] Received HEADERS for invalid stream 299
[1009/210607.995:WARNING:spdy_session.cc(3365)] Received HEADERS for invalid stream 301
[1009/210930.735:ERROR:audio_rtp_receiver.cc(89)] AudioRtpReceiver::OnSetVolume: No audio channel exists.
[1009/210930.735:WARNING:used_ids.h(55)] Duplicate id found. Reassigning from 104 to 127
[1009/210930.735:WARNING:used_ids.h(55)] Duplicate id found. Reassigning from 102 to 125
[1009/210930.736:WARNING:used_ids.h(55)] Duplicate id found. Reassigning from 104 to 124
[1009/210930.736:WARNING:used_ids.h(55)] Duplicate id found. Reassigning from 106 to 123
[1009/210930.736:WARNING:used_ids.h(55)] Duplicate id found. Reassigning from 103 to 122
[1009/210930.736:WARNING:used_ids.h(55)] Duplicate id found. Reassigning from 105 to 121
[1009/210930.736:WARNING:used_ids.h(55)] Duplicate id found. Reassigning from 109 to 120
[1009/210930.736:WARNING:used_ids.h(55)] Duplicate id found. Reassigning from 1 to 14
[1009/210930.736:WARNING:used_ids.h(55)] Duplicate id found. Reassigning from 3 to 13
[1009/210930.736:WARNING:used_ids.h(55)] Duplicate id found. Reassigning from 5 to 12
[1009/210930.736:WARNING:used_ids.h(55)] Duplicate id found. Reassigning from 6 to 11
[1009/210941.255:ERROR:audio_rtp_receiver.cc(89)] AudioRtpReceiver::OnSetVolume: No audio channel exists.
[1009/210941.255:WARNING:used_ids.h(55)] Duplicate id found. Reassigning from 104 to 127
[1009/210941.255:WARNING:used_ids.h(55)] Duplicate id found. Reassigning from 102 to 125
[1009/210941.255:WARNING:used_ids.h(55)] Duplicate id found. Reassigning from 104 to 124
[1009/210941.256:WARNING:used_ids.h(55)] Duplicate id found. Reassigning from 106 to 123
[1009/210941.256:WARNING:used_ids.h(55)] Duplicate id found. Reassigning from 103 to 122
[1009/210941.256:WARNING:used_ids.h(55)] Duplicate id found. Reassigning from 105 to 121
[1009/210941.256:WARNING:used_ids.h(55)] Duplicate id found. Reassigning from 109 to 120
[1009/210941.256:WARNING:used_ids.h(55)] Duplicate id found. Reassigning from 1 to 14
[1009/210941.256:WARNING:used_ids.h(55)] Duplicate id found. Reassigning from 3 to 13
[1009/210941.256:WARNING:used_ids.h(55)] Duplicate id found. Reassigning from 5 to 12
[1009/210941.256:WARNING:used_ids.h(55)] Duplicate id found. Reassigning from 6 to 11
[1009/210952.941:ERROR:audio_rtp_receiver.cc(89)] AudioRtpReceiver::OnSetVolume: No audio channel exists.
[1009/210952.941:WARNING:used_ids.h(55)] Duplicate id found. Reassigning from 104 to 127
[1009/210952.941:WARNING:used_ids.h(55)] Duplicate id found. Reassigning from 102 to 125
[1009/210952.941:WARNING:used_ids.h(55)] Duplicate id found. Reassigning from 104 to 124
[1009/210952.941:WARNING:used_ids.h(55)] Duplicate id found. Reassigning from 106 to 123
[1009/210952.941:WARNING:used_ids.h(55)] Duplicate id found. Reassigning from 103 to 122
[1009/210952.941:WARNING:used_ids.h(55)] Duplicate id found. Reassigning from 105 to 121
[1009/210952.941:WARNING:used_ids.h(55)] Duplicate id found. Reassigning from 109 to 120
[1009/210952.941:WARNING:used_ids.h(55)] Duplicate id found. Reassigning from 1 to 14
[1009/210952.941:WARNING:used_ids.h(55)] Duplicate id found. Reassigning from 3 to 13
[1009/210952.941:WARNING:used_ids.h(55)] Duplicate id found. Reassigning from 5 to 12
[1009/210952.941:WARNING:used_ids.h(55)] Duplicate id found. Reassigning from 6 to 11
[1009/211735.398:WARNING:spdy_session.cc(3365)] Received HEADERS for invalid stream 483
[1009/211735.399:WARNING:spdy_session.cc(3365)] Received HEADERS for invalid stream 507
[1009/211735.399:WARNING:spdy_session.cc(3365)] Received HEADERS for invalid stream 509
[1009/211735.399:WARNING:spdy_session.cc(3365)] Received HEADERS for invalid stream 511
[1009/211735.399:WARNING:spdy_session.cc(3365)] Received HEADERS for invalid stream 513
[1009/211735.400:WARNING:spdy_session.cc(3365)] Received HEADERS for invalid stream 505
[1009/211735.400:WARNING:spdy_session.cc(3365)] Received HEADERS for invalid stream 515
[1009/211735.400:WARNING:spdy_session.cc(3365)] Received HEADERS for invalid stream 519
[1009/211842.672:ERROR:batching_media_log.cc(38)] MediaEvent: {"error":"FFmpegDemuxer: no supported streams"}
[1009/211842.674:ERROR:batching_media_log.cc(35)] MediaEvent: {"pipeline_error":14}
[1009/211846.460:ERROR:batching_media_log.cc(38)] MediaEvent: {"error":"FFmpegDemuxer: no supported streams"}
[1009/211846.461:ERROR:batching_media_log.cc(35)] MediaEvent: {"pipeline_error":14}
